<?xml version="1.0" encoding="UTF-8"?>
<coverage generated="1537068264641" clover="3.2.0">
  <project timestamp="1537068264642" name="All files">
    <metrics statements="118" coveredstatements="118" conditionals="25" coveredconditionals="25" methods="39" coveredmethods="39" elements="182" coveredelements="182" complexity="0" loc="118" ncloc="118" packages="7" files="18" classes="18">
      <package name="smults">
        <metrics statements="8" coveredstatements="8" conditionals="0" coveredconditionals="0" methods="0" coveredmethods="0"/>
        <file name="config.js" path="/home/alvinvoo/STEEM/smults/config.js">
          <metrics statements="5" coveredstatements="5" conditionals="0" coveredconditionals="0" methods="0" coveredmethods="0"/>
          <line num="1" count="5" type="stmt"/>
          <line num="2" count="5" type="stmt"/>
          <line num="3" count="5" type="stmt"/>
          <line num="4" count="5" type="stmt"/>
          <line num="5" count="5" type="stmt"/>
        </file>
        <file name="routes.js" path="/home/alvinvoo/STEEM/smults/routes.js">
          <metrics statements="3" coveredstatements="3" conditionals="0" coveredconditionals="0" methods="0" coveredmethods="0"/>
          <line num="1" count="5" type="stmt"/>
          <line num="3" count="5" type="stmt"/>
          <line num="7" count="5" type="stmt"/>
        </file>
      </package>
      <package name="smults.actions">
        <metrics statements="13" coveredstatements="13" conditionals="2" coveredconditionals="2" methods="5" coveredmethods="5"/>
        <file name="index.js" path="/home/alvinvoo/STEEM/smults/actions/index.js">
          <metrics statements="13" coveredstatements="13" conditionals="2" coveredconditionals="2" methods="5" coveredmethods="5"/>
          <line num="4" count="5" type="stmt"/>
          <line num="5" count="5" type="stmt"/>
          <line num="6" count="5" type="stmt"/>
          <line num="8" count="5" type="stmt"/>
          <line num="11" count="2" type="stmt"/>
          <line num="15" count="2" type="stmt"/>
          <line num="22" count="2" type="stmt"/>
          <line num="29" count="2" type="stmt"/>
          <line num="31" count="2" type="stmt"/>
          <line num="39" count="3" type="cond" truecount="2" falsecount="0"/>
          <line num="40" count="2" type="stmt"/>
          <line num="41" count="2" type="stmt"/>
          <line num="42" count="2" type="stmt"/>
        </file>
      </package>
      <package name="smults.components">
        <metrics statements="32" coveredstatements="32" conditionals="2" coveredconditionals="2" methods="13" coveredmethods="13"/>
        <file name="Footer.js" path="/home/alvinvoo/STEEM/smults/components/Footer.js">
          <metrics statements="1" coveredstatements="1" conditionals="0" coveredconditionals="0" methods="1" coveredmethods="1"/>
          <line num="4" count="1" type="stmt"/>
        </file>
        <file name="Header.js" path="/home/alvinvoo/STEEM/smults/components/Header.js">
          <metrics statements="6" coveredstatements="6" conditionals="0" coveredconditionals="0" methods="3" coveredmethods="3"/>
          <line num="10" count="4" type="stmt"/>
          <line num="11" count="4" type="stmt"/>
          <line num="15" count="2" type="stmt"/>
          <line num="19" count="8" type="stmt"/>
          <line num="21" count="8" type="stmt"/>
          <line num="50" count="5" type="stmt"/>
        </file>
        <file name="Layout.js" path="/home/alvinvoo/STEEM/smults/components/Layout.js">
          <metrics statements="3" coveredstatements="3" conditionals="0" coveredconditionals="0" methods="1" coveredmethods="1"/>
          <line num="9" count="1" type="stmt"/>
          <line num="10" count="1" type="stmt"/>
          <line num="22" count="4" type="stmt"/>
        </file>
        <file name="Post.js" path="/home/alvinvoo/STEEM/smults/components/Post.js">
          <metrics statements="5" coveredstatements="5" conditionals="0" coveredconditionals="0" methods="2" coveredmethods="2"/>
          <line num="8" count="5" type="stmt"/>
          <line num="12" count="5" type="stmt"/>
          <line num="14" count="5" type="stmt"/>
          <line num="42" count="15" type="stmt"/>
          <line num="50" count="4" type="stmt"/>
        </file>
        <file name="PostList.js" path="/home/alvinvoo/STEEM/smults/components/PostList.js">
          <metrics statements="6" coveredstatements="6" conditionals="0" coveredconditionals="0" methods="3" coveredmethods="3"/>
          <line num="7" count="3" type="stmt"/>
          <line num="8" count="3" type="stmt"/>
          <line num="9" count="3" type="stmt"/>
          <line num="12" count="6" type="stmt"/>
          <line num="19" count="3" type="stmt"/>
          <line num="24" count="2" type="stmt"/>
        </file>
        <file name="ScrollButton.js" path="/home/alvinvoo/STEEM/smults/components/ScrollButton.js">
          <metrics statements="11" coveredstatements="11" conditionals="2" coveredconditionals="2" methods="3" coveredmethods="3"/>
          <line num="11" count="21" type="stmt"/>
          <line num="12" count="21" type="stmt"/>
          <line num="13" count="21" type="cond" truecount="2" falsecount="0"/>
          <line num="14" count="1" type="stmt"/>
          <line num="15" count="1" type="stmt"/>
          <line num="17" count="20" type="stmt"/>
          <line num="22" count="2" type="stmt"/>
          <line num="23" count="2" type="stmt"/>
          <line num="24" count="2" type="stmt"/>
          <line num="28" count="6" type="stmt"/>
          <line num="39" count="3" type="stmt"/>
        </file>
      </package>
      <package name="smults.pages">
        <metrics statements="29" coveredstatements="29" conditionals="4" coveredconditionals="4" methods="15" coveredmethods="15"/>
        <file name="about.js" path="/home/alvinvoo/STEEM/smults/pages/about.js">
          <metrics statements="1" coveredstatements="1" conditionals="0" coveredconditionals="0" methods="1" coveredmethods="1"/>
          <line num="5" count="1" type="stmt"/>
        </file>
        <file name="index.js" path="/home/alvinvoo/STEEM/smults/pages/index.js">
          <metrics statements="3" coveredstatements="3" conditionals="0" coveredconditionals="0" methods="2" coveredmethods="2"/>
          <line num="10" count="1" type="stmt"/>
          <line num="11" count="1" type="stmt"/>
          <line num="15" count="1" type="stmt"/>
        </file>
        <file name="search.js" path="/home/alvinvoo/STEEM/smults/pages/search.js">
          <metrics statements="25" coveredstatements="25" conditionals="4" coveredconditionals="4" methods="12" coveredmethods="12"/>
          <line num="31" count="15" type="stmt"/>
          <line num="32" count="15" type="stmt"/>
          <line num="33" count="15" type="stmt"/>
          <line num="34" count="15" type="stmt"/>
          <line num="39" count="5" type="stmt"/>
          <line num="43" count="1" type="stmt"/>
          <line num="44" count="1" type="stmt"/>
          <line num="45" count="1" type="stmt"/>
          <line num="46" count="1" type="stmt"/>
          <line num="51" count="4" type="stmt"/>
          <line num="52" count="4" type="stmt"/>
          <line num="53" count="4" type="cond" truecount="2" falsecount="0"/>
          <line num="54" count="3" type="stmt"/>
          <line num="55" count="3" type="stmt"/>
          <line num="57" count="1" type="stmt"/>
          <line num="60" count="3" type="stmt"/>
          <line num="64" count="1" type="stmt"/>
          <line num="68" count="1" type="stmt"/>
          <line num="72" count="45" type="stmt"/>
          <line num="73" count="45" type="cond" truecount="2" falsecount="0"/>
          <line num="74" count="1" type="stmt"/>
          <line num="92" count="45" type="stmt"/>
          <line num="93" count="45" type="stmt"/>
          <line num="145" count="2" type="stmt"/>
          <line num="152" count="1" type="stmt"/>
        </file>
      </package>
      <package name="smults.reducers">
        <metrics statements="35" coveredstatements="35" conditionals="17" coveredconditionals="17" methods="6" coveredmethods="6"/>
        <file name="posts.reducer.js" path="/home/alvinvoo/STEEM/smults/reducers/posts.reducer.js">
          <metrics statements="28" coveredstatements="28" conditionals="14" coveredconditionals="14" methods="3" coveredmethods="3"/>
          <line num="7" count="1" type="stmt"/>
          <line num="14" count="6" type="cond" truecount="3" falsecount="0"/>
          <line num="16" count="2" type="stmt"/>
          <line num="23" count="3" type="stmt"/>
          <line num="25" count="300" type="stmt"/>
          <line num="26" count="300" type="cond" truecount="2" falsecount="0"/>
          <line num="27" count="300" type="cond" truecount="2" falsecount="0"/>
          <line num="28" count="299" type="stmt"/>
          <line num="29" count="299" type="stmt"/>
          <line num="31" count="299" type="stmt"/>
          <line num="33" count="299" type="cond" truecount="2" falsecount="0"/>
          <line num="34" count="100" type="cond" truecount="2" falsecount="0"/>
          <line num="35" count="66" type="stmt"/>
          <line num="40" count="199" type="stmt"/>
          <line num="43" count="299" type="stmt"/>
          <line num="48" count="38" type="stmt"/>
          <line num="49" count="38" type="stmt"/>
          <line num="50" count="38" type="cond" truecount="2" falsecount="0"/>
          <line num="51" count="38" type="stmt"/>
          <line num="52" count="38" type="stmt"/>
          <line num="55" count="38" type="stmt"/>
          <line num="56" count="38" type="stmt"/>
          <line num="57" count="38" type="stmt"/>
          <line num="58" count="38" type="stmt"/>
          <line num="59" count="38" type="stmt"/>
          <line num="61" count="38" type="stmt"/>
          <line num="64" count="3" type="stmt"/>
          <line num="67" count="1" type="stmt"/>
        </file>
        <file name="tags.reducer.js" path="/home/alvinvoo/STEEM/smults/reducers/tags.reducer.js">
          <metrics statements="7" coveredstatements="7" conditionals="3" coveredconditionals="3" methods="3" coveredmethods="3"/>
          <line num="3" count="1" type="stmt"/>
          <line num="13" count="2" type="cond" truecount="2" falsecount="0"/>
          <line num="15" count="1" type="stmt"/>
          <line num="16" count="16" type="stmt"/>
          <line num="17" count="15" type="stmt"/>
          <line num="18" count="1" type="stmt"/>
          <line num="21" count="1" type="stmt"/>
        </file>
      </package>
      <package name="smults.tests">
        <metrics statements="1" coveredstatements="1" conditionals="0" coveredconditionals="0" methods="0" coveredmethods="0"/>
        <file name="setup.js" path="/home/alvinvoo/STEEM/smults/tests/setup.js">
          <metrics statements="1" coveredstatements="1" conditionals="0" coveredconditionals="0" methods="0" coveredmethods="0"/>
          <line num="4" count="12" type="stmt"/>
        </file>
      </package>
      <package name="smults.tests.fixtures">
        <metrics statements="0" coveredstatements="0" conditionals="0" coveredconditionals="0" methods="0" coveredmethods="0"/>
        <file name="postList.js" path="/home/alvinvoo/STEEM/smults/tests/fixtures/postList.js">
          <metrics statements="0" coveredstatements="0" conditionals="0" coveredconditionals="0" methods="0" coveredmethods="0"/>
        </file>
        <file name="trendingTagsList.js" path="/home/alvinvoo/STEEM/smults/tests/fixtures/trendingTagsList.js">
          <metrics statements="0" coveredstatements="0" conditionals="0" coveredconditionals="0" methods="0" coveredmethods="0"/>
        </file>
        <file name="userInput.js" path="/home/alvinvoo/STEEM/smults/tests/fixtures/userInput.js">
          <metrics statements="0" coveredstatements="0" conditionals="0" coveredconditionals="0" methods="0" coveredmethods="0"/>
        </file>
      </package>
    </metrics>
  </project>
</coverage>
