{"/home/alvinvoo/STEEM/smults/config.js": {"path":"/home/alvinvoo/STEEM/smults/config.js","statementMap":{"0":{"start":{"line":1,"column":18},"end":{"line":1,"column":43}},"1":{"start":{"line":2,"column":17},"end":{"line":2,"column":19}},"2":{"start":{"line":3,"column":18},"end":{"line":3,"column":21}},"3":{"start":{"line":4,"column":19},"end":{"line":4,"column":112}},"4":{"start":{"line":5,"column":19},"end":{"line":5,"column":9871}}},"fnMap":{},"branchMap":{},"s":{"0":5,"1":5,"2":5,"3":5,"4":5},"f":{},"b":{},"_coverageSchema":"332fd63041d2c1bcb487cc26dd0d5f7d97098a6c","hash":"2986ccffac9615a71152c3a979fa47b03cf2d22d"}
,"/home/alvinvoo/STEEM/smults/routes.js": {"path":"/home/alvinvoo/STEEM/smults/routes.js","statementMap":{"0":{"start":{"line":1,"column":15},"end":{"line":1,"column":39}},"1":{"start":{"line":3,"column":0},"end":{"line":5,"column":26}},"2":{"start":{"line":7,"column":0},"end":{"line":7,"column":24}}},"fnMap":{},"branchMap":{},"s":{"0":5,"1":5,"2":5},"f":{},"b":{},"_coverageSchema":"332fd63041d2c1bcb487cc26dd0d5f7d97098a6c","hash":"5076d1e5c2954ebe59362b38fbbd19ac35f96544"}
,"/home/alvinvoo/STEEM/smults/actions/index.js": {"path":"/home/alvinvoo/STEEM/smults/actions/index.js","statementMap":{"0":{"start":{"line":4,"column":35},"end":{"line":4,"column":56}},"1":{"start":{"line":5,"column":35},"end":{"line":5,"column":56}},"2":{"start":{"line":6,"column":38},"end":{"line":6,"column":62}},"3":{"start":{"line":8,"column":15},"end":{"line":8,"column":43}},"4":{"start":{"line":11,"column":18},"end":{"line":14,"column":4}},"5":{"start":{"line":15,"column":2},"end":{"line":18,"column":4}},"6":{"start":{"line":22,"column":2},"end":{"line":25,"column":4}},"7":{"start":{"line":29,"column":18},"end":{"line":29,"column":83}},"8":{"start":{"line":31,"column":2},"end":{"line":34,"column":4}},"9":{"start":{"line":39,"column":2},"end":{"line":39,"column":32}},"10":{"start":{"line":39,"column":25},"end":{"line":39,"column":32}},"11":{"start":{"line":40,"column":2},"end":{"line":43,"column":4}},"12":{"start":{"line":41,"column":4},"end":{"line":41,"column":55}},"13":{"start":{"line":42,"column":4},"end":{"line":42,"column":58}}},"fnMap":{"0":{"name":"fetchTrendingTags","decl":{"start":{"line":10,"column":16},"end":{"line":10,"column":33}},"loc":{"start":{"line":10,"column":36},"end":{"line":19,"column":1}},"line":10},"1":{"name":"storeSelectedTags","decl":{"start":{"line":21,"column":9},"end":{"line":21,"column":26}},"loc":{"start":{"line":21,"column":50},"end":{"line":26,"column":1}},"line":21},"2":{"name":"fetchAndFilterPosts","decl":{"start":{"line":28,"column":9},"end":{"line":28,"column":28}},"loc":{"start":{"line":28,"column":42},"end":{"line":35,"column":1}},"line":28},"3":{"name":"fetchPosts","decl":{"start":{"line":38,"column":16},"end":{"line":38,"column":26}},"loc":{"start":{"line":38,"column":58},"end":{"line":44,"column":1}},"line":38},"4":{"name":"(anonymous_4)","decl":{"start":{"line":40,"column":9},"end":{"line":40,"column":10}},"loc":{"start":{"line":40,"column":23},"end":{"line":43,"column":3}},"line":40}},"branchMap":{"0":{"loc":{"start":{"line":39,"column":2},"end":{"line":39,"column":32}},"type":"if","locations":[{"start":{"line":39,"column":2},"end":{"line":39,"column":32}},{"start":{"line":39,"column":2},"end":{"line":39,"column":32}}],"line":39}},"s":{"0":5,"1":5,"2":5,"3":5,"4":2,"5":2,"6":2,"7":2,"8":2,"9":3,"10":1,"11":2,"12":2,"13":2},"f":{"0":2,"1":2,"2":2,"3":3,"4":2},"b":{"0":[1,2]},"_coverageSchema":"332fd63041d2c1bcb487cc26dd0d5f7d97098a6c","hash":"502a98a0d9c6ddc28e55b93b5a694b080466491a"}
,"/home/alvinvoo/STEEM/smults/components/Footer.js": {"path":"/home/alvinvoo/STEEM/smults/components/Footer.js","statementMap":{"0":{"start":{"line":4,"column":2},"end":{"line":14,"column":8}}},"fnMap":{"0":{"name":"(anonymous_0)","decl":{"start":{"line":3,"column":15},"end":{"line":3,"column":16}},"loc":{"start":{"line":4,"column":2},"end":{"line":14,"column":8}},"line":4}},"branchMap":{},"s":{"0":1},"f":{"0":1},"b":{},"_coverageSchema":"332fd63041d2c1bcb487cc26dd0d5f7d97098a6c","hash":"9e0d7d5902c9d576a01915927c76a44398be6b58"}
,"/home/alvinvoo/STEEM/smults/components/Header.js": {"path":"/home/alvinvoo/STEEM/smults/components/Header.js","statementMap":{"0":{"start":{"line":10,"column":21},"end":{"line":10,"column":31}},"1":{"start":{"line":11,"column":4},"end":{"line":11,"column":40}},"2":{"start":{"line":15,"column":4},"end":{"line":15,"column":33}},"3":{"start":{"line":19,"column":27},"end":{"line":19,"column":37}},"4":{"start":{"line":21,"column":4},"end":{"line":46,"column":6}},"5":{"start":{"line":50,"column":0},"end":{"line":52,"column":2}}},"fnMap":{"0":{"name":"(anonymous_0)","decl":{"start":{"line":9,"column":2},"end":{"line":9,"column":3}},"loc":{"start":{"line":9,"column":22},"end":{"line":12,"column":3}},"line":9},"1":{"name":"(anonymous_1)","decl":{"start":{"line":14,"column":20},"end":{"line":14,"column":21}},"loc":{"start":{"line":14,"column":37},"end":{"line":16,"column":3}},"line":14},"2":{"name":"(anonymous_2)","decl":{"start":{"line":18,"column":2},"end":{"line":18,"column":3}},"loc":{"start":{"line":18,"column":11},"end":{"line":47,"column":3}},"line":18}},"branchMap":{},"s":{"0":4,"1":4,"2":2,"3":8,"4":8,"5":5},"f":{"0":4,"1":2,"2":8},"b":{},"_coverageSchema":"332fd63041d2c1bcb487cc26dd0d5f7d97098a6c","hash":"c5edbd67c5a4f383ed84d8e890e920d6d43d0da5"}
,"/home/alvinvoo/STEEM/smults/components/Layout.js": {"path":"/home/alvinvoo/STEEM/smults/components/Layout.js","statementMap":{"0":{"start":{"line":9,"column":29},"end":{"line":9,"column":34}},"1":{"start":{"line":10,"column":2},"end":{"line":19,"column":4}},"2":{"start":{"line":22,"column":0},"end":{"line":25,"column":2}}},"fnMap":{"0":{"name":"Layout","decl":{"start":{"line":8,"column":24},"end":{"line":8,"column":30}},"loc":{"start":{"line":8,"column":38},"end":{"line":20,"column":1}},"line":8}},"branchMap":{},"s":{"0":1,"1":1,"2":4},"f":{"0":1},"b":{},"_coverageSchema":"332fd63041d2c1bcb487cc26dd0d5f7d97098a6c","hash":"02c450ce9c9895ee27b159b6875c07f1189468be"}
,"/home/alvinvoo/STEEM/smults/components/Post.js": {"path":"/home/alvinvoo/STEEM/smults/components/Post.js","statementMap":{"0":{"start":{"line":8,"column":19},"end":{"line":8,"column":24}},"1":{"start":{"line":12,"column":6},"end":{"line":12,"column":10}},"2":{"start":{"line":14,"column":2},"end":{"line":47,"column":4}},"3":{"start":{"line":42,"column":30},"end":{"line":42,"column":60}},"4":{"start":{"line":50,"column":0},"end":{"line":53,"column":2}}},"fnMap":{"0":{"name":"Post","decl":{"start":{"line":7,"column":24},"end":{"line":7,"column":28}},"loc":{"start":{"line":7,"column":36},"end":{"line":48,"column":1}},"line":7},"1":{"name":"(anonymous_1)","decl":{"start":{"line":42,"column":23},"end":{"line":42,"column":24}},"loc":{"start":{"line":42,"column":30},"end":{"line":42,"column":60}},"line":42}},"branchMap":{},"s":{"0":5,"1":5,"2":5,"3":15,"4":4},"f":{"0":5,"1":15},"b":{},"_coverageSchema":"332fd63041d2c1bcb487cc26dd0d5f7d97098a6c","hash":"2aeba143a03291cef00dfccb691bf95b5952653b"}
,"/home/alvinvoo/STEEM/smults/components/PostList.js": {"path":"/home/alvinvoo/STEEM/smults/components/PostList.js","statementMap":{"0":{"start":{"line":7,"column":24},"end":{"line":17,"column":1}},"1":{"start":{"line":8,"column":20},"end":{"line":8,"column":25}},"2":{"start":{"line":9,"column":2},"end":{"line":16,"column":4}},"3":{"start":{"line":12,"column":26},"end":{"line":12,"column":60}},"4":{"start":{"line":19,"column":0},"end":{"line":21,"column":2}},"5":{"start":{"line":24,"column":2},"end":{"line":24,"column":66}}},"fnMap":{"0":{"name":"(anonymous_0)","decl":{"start":{"line":7,"column":24},"end":{"line":7,"column":25}},"loc":{"start":{"line":7,"column":35},"end":{"line":17,"column":1}},"line":7},"1":{"name":"(anonymous_1)","decl":{"start":{"line":12,"column":18},"end":{"line":12,"column":19}},"loc":{"start":{"line":12,"column":26},"end":{"line":12,"column":60}},"line":12},"2":{"name":"mapStateToProps","decl":{"start":{"line":23,"column":9},"end":{"line":23,"column":24}},"loc":{"start":{"line":23,"column":36},"end":{"line":25,"column":1}},"line":23}},"branchMap":{},"s":{"0":3,"1":3,"2":3,"3":6,"4":3,"5":2},"f":{"0":3,"1":6,"2":2},"b":{},"_coverageSchema":"332fd63041d2c1bcb487cc26dd0d5f7d97098a6c","hash":"416eb93b2a2bf7516283949e16ac9406e2640c8f"}
,"/home/alvinvoo/STEEM/smults/components/ScrollButton.js": {"path":"/home/alvinvoo/STEEM/smults/components/ScrollButton.js","statementMap":{"0":{"start":{"line":11,"column":27},"end":{"line":11,"column":37}},"1":{"start":{"line":12,"column":31},"end":{"line":12,"column":41}},"2":{"start":{"line":13,"column":4},"end":{"line":18,"column":5}},"3":{"start":{"line":14,"column":6},"end":{"line":14,"column":32}},"4":{"start":{"line":15,"column":6},"end":{"line":15,"column":39}},"5":{"start":{"line":17,"column":6},"end":{"line":17,"column":60}},"6":{"start":{"line":22,"column":26},"end":{"line":22,"column":36}},"7":{"start":{"line":23,"column":23},"end":{"line":23,"column":62}},"8":{"start":{"line":24,"column":4},"end":{"line":24,"column":34}},"9":{"start":{"line":28,"column":4},"end":{"line":35,"column":6}},"10":{"start":{"line":39,"column":0},"end":{"line":42,"column":2}}},"fnMap":{"0":{"name":"(anonymous_0)","decl":{"start":{"line":10,"column":13},"end":{"line":10,"column":14}},"loc":{"start":{"line":10,"column":19},"end":{"line":19,"column":3}},"line":10},"1":{"name":"(anonymous_1)","decl":{"start":{"line":21,"column":14},"end":{"line":21,"column":15}},"loc":{"start":{"line":21,"column":20},"end":{"line":25,"column":3}},"line":21},"2":{"name":"(anonymous_2)","decl":{"start":{"line":27,"column":2},"end":{"line":27,"column":3}},"loc":{"start":{"line":27,"column":11},"end":{"line":36,"column":3}},"line":27}},"branchMap":{"0":{"loc":{"start":{"line":13,"column":4},"end":{"line":18,"column":5}},"type":"if","locations":[{"start":{"line":13,"column":4},"end":{"line":18,"column":5}},{"start":{"line":13,"column":4},"end":{"line":18,"column":5}}],"line":13}},"s":{"0":21,"1":21,"2":21,"3":1,"4":1,"5":20,"6":2,"7":2,"8":2,"9":6,"10":3},"f":{"0":21,"1":2,"2":6},"b":{"0":[1,20]},"_coverageSchema":"332fd63041d2c1bcb487cc26dd0d5f7d97098a6c","hash":"10a24225a313bac25c7fa6747e3bad5d67b046ec"}
,"/home/alvinvoo/STEEM/smults/pages/about.js": {"path":"/home/alvinvoo/STEEM/smults/pages/about.js","statementMap":{"0":{"start":{"line":5,"column":2},"end":{"line":56,"column":11}}},"fnMap":{"0":{"name":"(anonymous_0)","decl":{"start":{"line":4,"column":15},"end":{"line":4,"column":16}},"loc":{"start":{"line":5,"column":2},"end":{"line":56,"column":11}},"line":5}},"branchMap":{},"s":{"0":1},"f":{"0":1},"b":{},"_coverageSchema":"332fd63041d2c1bcb487cc26dd0d5f7d97098a6c","hash":"be283716d68669979cc64f008ab0b5b45d952bb8"}
,"/home/alvinvoo/STEEM/smults/pages/index.js": {"path":"/home/alvinvoo/STEEM/smults/pages/index.js","statementMap":{"0":{"start":{"line":10,"column":21},"end":{"line":10,"column":26}},"1":{"start":{"line":11,"column":4},"end":{"line":11,"column":24}},"2":{"start":{"line":15,"column":4},"end":{"line":15,"column":22}}},"fnMap":{"0":{"name":"(anonymous_0)","decl":{"start":{"line":8,"column":2},"end":{"line":8,"column":3}},"loc":{"start":{"line":8,"column":46},"end":{"line":12,"column":3}},"line":8},"1":{"name":"(anonymous_1)","decl":{"start":{"line":14,"column":2},"end":{"line":14,"column":3}},"loc":{"start":{"line":14,"column":11},"end":{"line":16,"column":3}},"line":14}},"branchMap":{},"s":{"0":1,"1":1,"2":1},"f":{"0":1,"1":1},"b":{},"_coverageSchema":"332fd63041d2c1bcb487cc26dd0d5f7d97098a6c","hash":"fd1d89a583c4ba1e1ddb097b6117e0a1105b113d"}
,"/home/alvinvoo/STEEM/smults/pages/search.js": {"path":"/home/alvinvoo/STEEM/smults/pages/search.js","statementMap":{"0":{"start":{"line":31,"column":34},"end":{"line":31,"column":44}},"1":{"start":{"line":32,"column":4},"end":{"line":35,"column":7}},"2":{"start":{"line":33,"column":30},"end":{"line":33,"column":40}},"3":{"start":{"line":34,"column":6},"end":{"line":34,"column":37}},"4":{"start":{"line":39,"column":4},"end":{"line":39,"column":54}},"5":{"start":{"line":43,"column":4},"end":{"line":47,"column":7}},"6":{"start":{"line":44,"column":22},"end":{"line":44,"column":43}},"7":{"start":{"line":45,"column":6},"end":{"line":45,"column":71}},"8":{"start":{"line":46,"column":6},"end":{"line":46,"column":38}},"9":{"start":{"line":51,"column":62},"end":{"line":51,"column":72}},"10":{"start":{"line":52,"column":27},"end":{"line":52,"column":37}},"11":{"start":{"line":53,"column":4},"end":{"line":53,"column":42}},"12":{"start":{"line":53,"column":35},"end":{"line":53,"column":42}},"13":{"start":{"line":54,"column":4},"end":{"line":54,"column":54}},"14":{"start":{"line":55,"column":4},"end":{"line":59,"column":6}},"15":{"start":{"line":57,"column":8},"end":{"line":57,"column":48}},"16":{"start":{"line":60,"column":4},"end":{"line":60,"column":44}},"17":{"start":{"line":64,"column":4},"end":{"line":64,"column":47}},"18":{"start":{"line":68,"column":4},"end":{"line":68,"column":50}},"19":{"start":{"line":72,"column":22},"end":{"line":72,"column":32}},"20":{"start":{"line":73,"column":4},"end":{"line":86,"column":5}},"21":{"start":{"line":74,"column":6},"end":{"line":85,"column":8}},"22":{"start":{"line":92,"column":8},"end":{"line":92,"column":18}},"23":{"start":{"line":93,"column":4},"end":{"line":141,"column":6}},"24":{"start":{"line":145,"column":0},"end":{"line":149,"column":2}},"25":{"start":{"line":152,"column":2},"end":{"line":152,"column":53}}},"fnMap":{"0":{"name":"(anonymous_0)","decl":{"start":{"line":30,"column":2},"end":{"line":30,"column":3}},"loc":{"start":{"line":30,"column":22},"end":{"line":36,"column":3}},"line":30},"1":{"name":"(anonymous_1)","decl":{"start":{"line":32,"column":29},"end":{"line":32,"column":30}},"loc":{"start":{"line":32,"column":35},"end":{"line":35,"column":5}},"line":32},"2":{"name":"(anonymous_2)","decl":{"start":{"line":38,"column":19},"end":{"line":38,"column":20}},"loc":{"start":{"line":38,"column":29},"end":{"line":40,"column":3}},"line":38},"3":{"name":"(anonymous_3)","decl":{"start":{"line":42,"column":20},"end":{"line":42,"column":21}},"loc":{"start":{"line":42,"column":30},"end":{"line":48,"column":3}},"line":42},"4":{"name":"(anonymous_4)","decl":{"start":{"line":43,"column":18},"end":{"line":43,"column":19}},"loc":{"start":{"line":43,"column":33},"end":{"line":47,"column":5}},"line":43},"5":{"name":"(anonymous_5)","decl":{"start":{"line":50,"column":11},"end":{"line":50,"column":12}},"loc":{"start":{"line":50,"column":17},"end":{"line":61,"column":3}},"line":50},"6":{"name":"(anonymous_6)","decl":{"start":{"line":56,"column":6},"end":{"line":56,"column":7}},"loc":{"start":{"line":56,"column":17},"end":{"line":58,"column":7}},"line":56},"7":{"name":"(anonymous_7)","decl":{"start":{"line":63,"column":17},"end":{"line":63,"column":18}},"loc":{"start":{"line":63,"column":27},"end":{"line":65,"column":3}},"line":63},"8":{"name":"(anonymous_8)","decl":{"start":{"line":67,"column":21},"end":{"line":67,"column":22}},"loc":{"start":{"line":67,"column":31},"end":{"line":69,"column":3}},"line":67},"9":{"name":"(anonymous_9)","decl":{"start":{"line":71,"column":17},"end":{"line":71,"column":18}},"loc":{"start":{"line":71,"column":23},"end":{"line":87,"column":3}},"line":71},"10":{"name":"(anonymous_10)","decl":{"start":{"line":89,"column":2},"end":{"line":89,"column":3}},"loc":{"start":{"line":89,"column":11},"end":{"line":142,"column":3}},"line":89},"11":{"name":"mapStateToProps","decl":{"start":{"line":151,"column":16},"end":{"line":151,"column":31}},"loc":{"start":{"line":151,"column":42},"end":{"line":153,"column":1}},"line":151}},"branchMap":{"0":{"loc":{"start":{"line":53,"column":4},"end":{"line":53,"column":42}},"type":"if","locations":[{"start":{"line":53,"column":4},"end":{"line":53,"column":42}},{"start":{"line":53,"column":4},"end":{"line":53,"column":42}}],"line":53},"1":{"loc":{"start":{"line":73,"column":4},"end":{"line":86,"column":5}},"type":"if","locations":[{"start":{"line":73,"column":4},"end":{"line":86,"column":5}},{"start":{"line":73,"column":4},"end":{"line":86,"column":5}}],"line":73}},"s":{"0":15,"1":15,"2":15,"3":15,"4":5,"5":1,"6":1,"7":1,"8":1,"9":4,"10":4,"11":4,"12":1,"13":3,"14":3,"15":1,"16":3,"17":1,"18":1,"19":45,"20":45,"21":1,"22":45,"23":45,"24":2,"25":1},"f":{"0":15,"1":15,"2":5,"3":1,"4":1,"5":4,"6":1,"7":1,"8":1,"9":45,"10":45,"11":1},"b":{"0":[1,3],"1":[1,44]},"_coverageSchema":"332fd63041d2c1bcb487cc26dd0d5f7d97098a6c","hash":"9c0fa1b0f22c107fbfe37ee8082bc50b4b552e7d"}
,"/home/alvinvoo/STEEM/smults/reducers/posts.reducer.js": {"path":"/home/alvinvoo/STEEM/smults/reducers/posts.reducer.js","statementMap":{"0":{"start":{"line":7,"column":28},"end":{"line":11,"column":1}},"1":{"start":{"line":14,"column":2},"end":{"line":68,"column":3}},"2":{"start":{"line":16,"column":6},"end":{"line":20,"column":8}},"3":{"start":{"line":23,"column":20},"end":{"line":62,"column":8}},"4":{"start":{"line":25,"column":21},"end":{"line":25,"column":51}},"5":{"start":{"line":26,"column":21},"end":{"line":26,"column":47}},"6":{"start":{"line":27,"column":8},"end":{"line":27,"column":38}},"7":{"start":{"line":27,"column":25},"end":{"line":27,"column":38}},"8":{"start":{"line":28,"column":29},"end":{"line":28,"column":52}},"9":{"start":{"line":29,"column":39},"end":{"line":29,"column":44}},"10":{"start":{"line":31,"column":18},"end":{"line":31,"column":23}},"11":{"start":{"line":33,"column":8},"end":{"line":41,"column":9}},"12":{"start":{"line":34,"column":10},"end":{"line":36,"column":11}},"13":{"start":{"line":35,"column":12},"end":{"line":35,"column":74}},"14":{"start":{"line":40,"column":10},"end":{"line":40,"column":72}},"15":{"start":{"line":43,"column":8},"end":{"line":43,"column":19}},"16":{"start":{"line":48,"column":22},"end":{"line":48,"column":44}},"17":{"start":{"line":49,"column":21},"end":{"line":49,"column":51}},"18":{"start":{"line":50,"column":22},"end":{"line":50,"column":61}},"19":{"start":{"line":51,"column":22},"end":{"line":51,"column":117}},"20":{"start":{"line":52,"column":25},"end":{"line":52,"column":59}},"21":{"start":{"line":55,"column":8},"end":{"line":55,"column":28}},"22":{"start":{"line":56,"column":8},"end":{"line":56,"column":31}},"23":{"start":{"line":57,"column":8},"end":{"line":57,"column":27}},"24":{"start":{"line":58,"column":8},"end":{"line":58,"column":33}},"25":{"start":{"line":59,"column":8},"end":{"line":59,"column":54}},"26":{"start":{"line":61,"column":8},"end":{"line":61,"column":21}},"27":{"start":{"line":64,"column":6},"end":{"line":64,"column":33}},"28":{"start":{"line":67,"column":6},"end":{"line":67,"column":19}}},"fnMap":{"0":{"name":"(anonymous_0)","decl":{"start":{"line":13,"column":15},"end":{"line":13,"column":16}},"loc":{"start":{"line":13,"column":55},"end":{"line":69,"column":1}},"line":13},"1":{"name":"(anonymous_1)","decl":{"start":{"line":23,"column":47},"end":{"line":23,"column":48}},"loc":{"start":{"line":23,"column":57},"end":{"line":44,"column":7}},"line":23},"2":{"name":"(anonymous_2)","decl":{"start":{"line":44,"column":13},"end":{"line":44,"column":14}},"loc":{"start":{"line":44,"column":23},"end":{"line":62,"column":7}},"line":44}},"branchMap":{"0":{"loc":{"start":{"line":13,"column":25},"end":{"line":13,"column":45}},"type":"default-arg","locations":[{"start":{"line":13,"column":33},"end":{"line":13,"column":45}}],"line":13},"1":{"loc":{"start":{"line":14,"column":2},"end":{"line":68,"column":3}},"type":"switch","locations":[{"start":{"line":15,"column":4},"end":{"line":20,"column":8}},{"start":{"line":21,"column":4},"end":{"line":65,"column":5}},{"start":{"line":66,"column":4},"end":{"line":67,"column":19}}],"line":14},"2":{"loc":{"start":{"line":26,"column":21},"end":{"line":26,"column":47}},"type":"cond-expr","locations":[{"start":{"line":26,"column":33},"end":{"line":26,"column":42}},{"start":{"line":26,"column":45},"end":{"line":26,"column":47}}],"line":26},"3":{"loc":{"start":{"line":27,"column":8},"end":{"line":27,"column":38}},"type":"if","locations":[{"start":{"line":27,"column":8},"end":{"line":27,"column":38}},{"start":{"line":27,"column":8},"end":{"line":27,"column":38}}],"line":27},"4":{"loc":{"start":{"line":33,"column":8},"end":{"line":41,"column":9}},"type":"if","locations":[{"start":{"line":33,"column":8},"end":{"line":41,"column":9}},{"start":{"line":33,"column":8},"end":{"line":41,"column":9}}],"line":33},"5":{"loc":{"start":{"line":34,"column":10},"end":{"line":36,"column":11}},"type":"if","locations":[{"start":{"line":34,"column":10},"end":{"line":36,"column":11}},{"start":{"line":34,"column":10},"end":{"line":36,"column":11}}],"line":34},"6":{"loc":{"start":{"line":50,"column":22},"end":{"line":50,"column":61}},"type":"cond-expr","locations":[{"start":{"line":50,"column":35},"end":{"line":50,"column":48}},{"start":{"line":50,"column":51},"end":{"line":50,"column":61}}],"line":50}},"s":{"0":1,"1":6,"2":2,"3":3,"4":300,"5":300,"6":300,"7":1,"8":299,"9":299,"10":299,"11":299,"12":100,"13":66,"14":199,"15":299,"16":38,"17":38,"18":38,"19":38,"20":38,"21":38,"22":38,"23":38,"24":38,"25":38,"26":38,"27":3,"28":1},"f":{"0":6,"1":300,"2":38},"b":{"0":[1],"1":[2,3,1],"2":[299,1],"3":[1,299],"4":[100,199],"5":[66,34],"6":[34,4]},"_coverageSchema":"332fd63041d2c1bcb487cc26dd0d5f7d97098a6c","hash":"c38113f67baa82cbeff8983bbd3084869fdd0b2f"}
,"/home/alvinvoo/STEEM/smults/reducers/tags.reducer.js": {"path":"/home/alvinvoo/STEEM/smults/reducers/tags.reducer.js","statementMap":{"0":{"start":{"line":3,"column":28},"end":{"line":10,"column":1}},"1":{"start":{"line":13,"column":2},"end":{"line":22,"column":3}},"2":{"start":{"line":15,"column":27},"end":{"line":15,"column":46}},"3":{"start":{"line":16,"column":37},"end":{"line":17,"column":73}},"4":{"start":{"line":16,"column":64},"end":{"line":16,"column":72}},"5":{"start":{"line":17,"column":21},"end":{"line":17,"column":71}},"6":{"start":{"line":18,"column":6},"end":{"line":18,"column":78}},"7":{"start":{"line":21,"column":6},"end":{"line":21,"column":19}}},"fnMap":{"0":{"name":"(anonymous_0)","decl":{"start":{"line":12,"column":15},"end":{"line":12,"column":16}},"loc":{"start":{"line":12,"column":55},"end":{"line":23,"column":1}},"line":12},"1":{"name":"(anonymous_1)","decl":{"start":{"line":16,"column":57},"end":{"line":16,"column":58}},"loc":{"start":{"line":16,"column":64},"end":{"line":16,"column":72}},"line":16},"2":{"name":"(anonymous_2)","decl":{"start":{"line":17,"column":13},"end":{"line":17,"column":14}},"loc":{"start":{"line":17,"column":21},"end":{"line":17,"column":71}},"line":17}},"branchMap":{"0":{"loc":{"start":{"line":12,"column":25},"end":{"line":12,"column":45}},"type":"default-arg","locations":[{"start":{"line":12,"column":33},"end":{"line":12,"column":45}}],"line":12},"1":{"loc":{"start":{"line":13,"column":2},"end":{"line":22,"column":3}},"type":"switch","locations":[{"start":{"line":14,"column":4},"end":{"line":19,"column":5}},{"start":{"line":20,"column":4},"end":{"line":21,"column":19}}],"line":13}},"s":{"0":1,"1":2,"2":1,"3":1,"4":16,"5":15,"6":1,"7":1},"f":{"0":2,"1":16,"2":15},"b":{"0":[1],"1":[1,1]},"_coverageSchema":"332fd63041d2c1bcb487cc26dd0d5f7d97098a6c","hash":"da41d8e699e652d698d4c724d88d9e5f690854df"}
,"/home/alvinvoo/STEEM/smults/tests/setup.js": {"path":"/home/alvinvoo/STEEM/smults/tests/setup.js","statementMap":{"0":{"start":{"line":4,"column":0},"end":{"line":4,"column":45}}},"fnMap":{},"branchMap":{},"s":{"0":12},"f":{},"b":{},"_coverageSchema":"332fd63041d2c1bcb487cc26dd0d5f7d97098a6c","hash":"c76c1f4e47f1bf22b5c10aee03ac67badd66d921"}
,"/home/alvinvoo/STEEM/smults/tests/fixtures/postList.js": {"path":"/home/alvinvoo/STEEM/smults/tests/fixtures/postList.js","statementMap":{},"fnMap":{},"branchMap":{},"s":{},"f":{},"b":{},"_coverageSchema":"332fd63041d2c1bcb487cc26dd0d5f7d97098a6c","hash":"d716f77b027c68da3c5130e4f6d63a26a978f4f7"}
,"/home/alvinvoo/STEEM/smults/tests/fixtures/trendingTagsList.js": {"path":"/home/alvinvoo/STEEM/smults/tests/fixtures/trendingTagsList.js","statementMap":{},"fnMap":{},"branchMap":{},"s":{},"f":{},"b":{},"_coverageSchema":"332fd63041d2c1bcb487cc26dd0d5f7d97098a6c","hash":"f6dc869f79459b829e9c7fc0687b34088e8c0dff"}
,"/home/alvinvoo/STEEM/smults/tests/fixtures/userInput.js": {"path":"/home/alvinvoo/STEEM/smults/tests/fixtures/userInput.js","statementMap":{},"fnMap":{},"branchMap":{},"s":{},"f":{},"b":{},"_coverageSchema":"332fd63041d2c1bcb487cc26dd0d5f7d97098a6c","hash":"a8c1ac5fd3ffb71dd29c581509cb50f0bc61885c"}
}
