TN:
SF:/home/alvinvoo/STEEM/smults/config.js
FNF:0
FNH:0
DA:1,5
DA:2,5
DA:3,5
DA:4,5
DA:5,5
LF:5
LH:5
BRF:0
BRH:0
end_of_record
TN:
SF:/home/alvinvoo/STEEM/smults/routes.js
FNF:0
FNH:0
DA:1,5
DA:3,5
DA:7,5
LF:3
LH:3
BRF:0
BRH:0
end_of_record
TN:
SF:/home/alvinvoo/STEEM/smults/actions/index.js
FN:10,fetchTrendingTags
FN:21,storeSelectedTags
FN:28,fetchAndFilterPosts
FN:38,fetchPosts
FN:40,(anonymous_4)
FNF:5
FNH:5
FNDA:2,fetchTrendingTags
FNDA:2,storeSelectedTags
FNDA:2,fetchAndFilterPosts
FNDA:3,fetchPosts
FNDA:2,(anonymous_4)
DA:4,5
DA:5,5
DA:6,5
DA:8,5
DA:11,2
DA:15,2
DA:22,2
DA:29,2
DA:31,2
DA:39,3
DA:40,2
DA:41,2
DA:42,2
LF:13
LH:13
BRDA:39,0,0,1
BRDA:39,0,1,2
BRF:2
BRH:2
end_of_record
TN:
SF:/home/alvinvoo/STEEM/smults/components/Footer.js
FN:3,(anonymous_0)
FNF:1
FNH:1
FNDA:1,(anonymous_0)
DA:4,1
LF:1
LH:1
BRF:0
BRH:0
end_of_record
TN:
SF:/home/alvinvoo/STEEM/smults/components/Header.js
FN:9,(anonymous_0)
FN:14,(anonymous_1)
FN:18,(anonymous_2)
FNF:3
FNH:3
FNDA:4,(anonymous_0)
FNDA:2,(anonymous_1)
FNDA:8,(anonymous_2)
DA:10,4
DA:11,4
DA:15,2
DA:19,8
DA:21,8
DA:50,5
LF:6
LH:6
BRF:0
BRH:0
end_of_record
TN:
SF:/home/alvinvoo/STEEM/smults/components/Layout.js
FN:8,Layout
FNF:1
FNH:1
FNDA:1,Layout
DA:9,1
DA:10,1
DA:22,4
LF:3
LH:3
BRF:0
BRH:0
end_of_record
TN:
SF:/home/alvinvoo/STEEM/smults/components/Post.js
FN:7,Post
FN:42,(anonymous_1)
FNF:2
FNH:2
FNDA:5,Post
FNDA:15,(anonymous_1)
DA:8,5
DA:12,5
DA:14,5
DA:42,15
DA:50,4
LF:5
LH:5
BRF:0
BRH:0
end_of_record
TN:
SF:/home/alvinvoo/STEEM/smults/components/PostList.js
FN:7,(anonymous_0)
FN:12,(anonymous_1)
FN:23,mapStateToProps
FNF:3
FNH:3
FNDA:3,(anonymous_0)
FNDA:6,(anonymous_1)
FNDA:2,mapStateToProps
DA:7,3
DA:8,3
DA:9,3
DA:12,6
DA:19,3
DA:24,2
LF:6
LH:6
BRF:0
BRH:0
end_of_record
TN:
SF:/home/alvinvoo/STEEM/smults/components/ScrollButton.js
FN:10,(anonymous_0)
FN:21,(anonymous_1)
FN:27,(anonymous_2)
FNF:3
FNH:3
FNDA:21,(anonymous_0)
FNDA:2,(anonymous_1)
FNDA:6,(anonymous_2)
DA:11,21
DA:12,21
DA:13,21
DA:14,1
DA:15,1
DA:17,20
DA:22,2
DA:23,2
DA:24,2
DA:28,6
DA:39,3
LF:11
LH:11
BRDA:13,0,0,1
BRDA:13,0,1,20
BRF:2
BRH:2
end_of_record
TN:
SF:/home/alvinvoo/STEEM/smults/pages/about.js
FN:4,(anonymous_0)
FNF:1
FNH:1
FNDA:1,(anonymous_0)
DA:5,1
LF:1
LH:1
BRF:0
BRH:0
end_of_record
TN:
SF:/home/alvinvoo/STEEM/smults/pages/index.js
FN:8,(anonymous_0)
FN:14,(anonymous_1)
FNF:2
FNH:2
FNDA:1,(anonymous_0)
FNDA:1,(anonymous_1)
DA:10,1
DA:11,1
DA:15,1
LF:3
LH:3
BRF:0
BRH:0
end_of_record
TN:
SF:/home/alvinvoo/STEEM/smults/pages/search.js
FN:30,(anonymous_0)
FN:32,(anonymous_1)
FN:38,(anonymous_2)
FN:42,(anonymous_3)
FN:43,(anonymous_4)
FN:50,(anonymous_5)
FN:56,(anonymous_6)
FN:63,(anonymous_7)
FN:67,(anonymous_8)
FN:71,(anonymous_9)
FN:89,(anonymous_10)
FN:151,mapStateToProps
FNF:12
FNH:12
FNDA:15,(anonymous_0)
FNDA:15,(anonymous_1)
FNDA:5,(anonymous_2)
FNDA:1,(anonymous_3)
FNDA:1,(anonymous_4)
FNDA:4,(anonymous_5)
FNDA:1,(anonymous_6)
FNDA:1,(anonymous_7)
FNDA:1,(anonymous_8)
FNDA:45,(anonymous_9)
FNDA:45,(anonymous_10)
FNDA:1,mapStateToProps
DA:31,15
DA:32,15
DA:33,15
DA:34,15
DA:39,5
DA:43,1
DA:44,1
DA:45,1
DA:46,1
DA:51,4
DA:52,4
DA:53,4
DA:54,3
DA:55,3
DA:57,1
DA:60,3
DA:64,1
DA:68,1
DA:72,45
DA:73,45
DA:74,1
DA:92,45
DA:93,45
DA:145,2
DA:152,1
LF:25
LH:25
BRDA:53,0,0,1
BRDA:53,0,1,3
BRDA:73,1,0,1
BRDA:73,1,1,44
BRF:4
BRH:4
end_of_record
TN:
SF:/home/alvinvoo/STEEM/smults/reducers/posts.reducer.js
FN:13,(anonymous_0)
FN:23,(anonymous_1)
FN:44,(anonymous_2)
FNF:3
FNH:3
FNDA:6,(anonymous_0)
FNDA:300,(anonymous_1)
FNDA:38,(anonymous_2)
DA:7,1
DA:14,6
DA:16,2
DA:23,3
DA:25,300
DA:26,300
DA:27,300
DA:28,299
DA:29,299
DA:31,299
DA:33,299
DA:34,100
DA:35,66
DA:40,199
DA:43,299
DA:48,38
DA:49,38
DA:50,38
DA:51,38
DA:52,38
DA:55,38
DA:56,38
DA:57,38
DA:58,38
DA:59,38
DA:61,38
DA:64,3
DA:67,1
LF:28
LH:28
BRDA:13,0,0,1
BRDA:14,1,0,2
BRDA:14,1,1,3
BRDA:14,1,2,1
BRDA:26,2,0,299
BRDA:26,2,1,1
BRDA:27,3,0,1
BRDA:27,3,1,299
BRDA:33,4,0,100
BRDA:33,4,1,199
BRDA:34,5,0,66
BRDA:34,5,1,34
BRDA:50,6,0,34
BRDA:50,6,1,4
BRF:14
BRH:14
end_of_record
TN:
SF:/home/alvinvoo/STEEM/smults/reducers/tags.reducer.js
FN:12,(anonymous_0)
FN:16,(anonymous_1)
FN:17,(anonymous_2)
FNF:3
FNH:3
FNDA:2,(anonymous_0)
FNDA:16,(anonymous_1)
FNDA:15,(anonymous_2)
DA:3,1
DA:13,2
DA:15,1
DA:16,16
DA:17,15
DA:18,1
DA:21,1
LF:7
LH:7
BRDA:12,0,0,1
BRDA:13,1,0,1
BRDA:13,1,1,1
BRF:3
BRH:3
end_of_record
TN:
SF:/home/alvinvoo/STEEM/smults/tests/setup.js
FNF:0
FNH:0
DA:4,12
LF:1
LH:1
BRF:0
BRH:0
end_of_record
TN:
SF:/home/alvinvoo/STEEM/smults/tests/fixtures/postList.js
FNF:0
FNH:0
LF:0
LH:0
BRF:0
BRH:0
end_of_record
TN:
SF:/home/alvinvoo/STEEM/smults/tests/fixtures/trendingTagsList.js
FNF:0
FNH:0
LF:0
LH:0
BRF:0
BRH:0
end_of_record
TN:
SF:/home/alvinvoo/STEEM/smults/tests/fixtures/userInput.js
FNF:0
FNH:0
LF:0
LH:0
BRF:0
BRH:0
end_of_record
